# JRE version: OpenJDK Runtime Environment 18.9 (11.0.14+9) (build 11.0.14+9)
# Java VM: OpenJDK 64-Bit Server VM 18.9 (11.0.14+9, mixed mode, sharing, tiered, compressed oops, g1 gc, linux-amd64)
Heap:
 garbage-first heap   total 65536K, used 38821K [0x0000000085800000, 0x0000000100000000)
  region size 1024K, 23 young (23552K), 3 survivors (3072K)
 Metaspace       used 48177K, capacity 50107K, committed 50816K, reserved 1093632K
  class space    used 5819K, capacity 6621K, committed 6784K, reserved 1048576K
GC Heap History (20 events):
Event: 697.696 GC heap before
{Heap before GC invocations=19 (full 3):
 garbage-first heap   total 68608K, used 52313K [0x0000000085800000, 0x0000000100000000)
  region size 1024K, 31 young (31744K), 4 survivors (4096K)
 Metaspace       used 47571K, capacity 49605K, committed 49792K, reserved 1091584K
  class space    used 5832K, capacity 6675K, committed 6784K, reserved 1048576K
}
Event: 697.702 GC heap after
{Heap after GC invocations=20 (full 3):
 garbage-first heap   total 68608K, used 25498K [0x0000000085800000, 0x0000000100000000)
  region size 1024K, 2 young (2048K), 2 survivors (2048K)
 Metaspace       used 47571K, capacity 49605K, committed 49792K, reserved 1091584K
  class space    used 5832K, capacity 6675K, committed 6784K, reserved 1048576K
}
Event: 1678.038 GC heap before
{Heap before GC invocations=20 (full 3):
 garbage-first heap   total 68608K, used 52122K [0x0000000085800000, 0x0000000100000000)
  region size 1024K, 28 young (28672K), 2 survivors (2048K)
 Metaspace       used 47676K, capacity 49670K, committed 50048K, reserved 1093632K
  class space    used 5834K, capacity 6675K, committed 6784K, reserved 1048576K
}
Event: 1678.046 GC heap after
{Heap after GC invocations=21 (full 3):
 garbage-first heap   total 68608K, used 25498K [0x0000000085800000, 0x0000000100000000)
  region size 1024K, 2 young (2048K), 2 survivors (2048K)
 Metaspace       used 47676K, capacity 49670K, committed 50048K, reserved 1093632K
  class space    used 5834K, capacity 6675K, committed 6784K, reserved 1048576K
}
Event: 2561.162 GC heap before
{Heap before GC invocations=21 (full 3):
 garbage-first heap   total 68608K, used 51098K [0x0000000085800000, 0x0000000100000000)
  region size 1024K, 28 young (28672K), 2 survivors (2048K)
 Metaspace       used 47943K, capacity 50016K, committed 50304K, reserved 1093632K
  class space    used 5849K, capacity 6702K, committed 6784K, reserved 1048576K
}
Event: 2561.179 GC heap after
{Heap after GC invocations=22 (full 3):
 garbage-first heap   total 68608K, used 25498K [0x0000000085800000, 0x0000000100000000)
  region size 1024K, 2 young (2048K), 2 survivors (2048K)
 Metaspace       used 47943K, capacity 50016K, committed 50304K, reserved 1093632K
  class space    used 5849K, capacity 6702K, committed 6784K, reserved 1048576K
}
Event: 3575.973 GC heap before
{Heap before GC invocations=22 (full 3):
 garbage-first heap   total 68608K, used 52122K [0x0000000085800000, 0x0000000100000000)
  region size 1024K, 28 young (28672K), 2 survivors (2048K)
 Metaspace       used 47974K, capacity 50080K, committed 50304K, reserved 1093632K
  class space    used 5849K, capacity 6702K, committed 6784K, reserved 1048576K
}
Event: 3575.994 GC heap after
{Heap after GC invocations=23 (full 3):
 garbage-first heap   total 68608K, used 25441K [0x0000000085800000, 0x0000000100000000)
  region size 1024K, 2 young (2048K), 2 survivors (2048K)
 Metaspace       used 47974K, capacity 50080K, committed 50304K, reserved 1093632K
  class space    used 5849K, capacity 6702K, committed 6784K, reserved 1048576K
}
Event: 4598.397 GC heap before
{Heap before GC invocations=23 (full 3):
 garbage-first heap   total 68608K, used 52065K [0x0000000085800000, 0x0000000100000000)
  region size 1024K, 28 young (28672K), 2 survivors (2048K)
 Metaspace       used 48010K, capacity 50080K, committed 50304K, reserved 1093632K
  class space    used 5849K, capacity 6702K, committed 6784K, reserved 1048576K
}
Event: 4598.427 GC heap after
{Heap after GC invocations=24 (full 3):
 garbage-first heap   total 68608K, used 25443K [0x0000000085800000, 0x0000000100000000)
  region size 1024K, 2 young (2048K), 2 survivors (2048K)
 Metaspace       used 48010K, capacity 50080K, committed 50304K, reserved 1093632K
  class space    used 5849K, capacity 6702K, committed 6784K, reserved 1048576K
}
Event: 5400.402 GC heap before
{Heap before GC invocations=24 (full 3):
 garbage-first heap   total 68608K, used 52067K [0x0000000085800000, 0x0000000100000000)
  region size 1024K, 28 young (28672K), 2 survivors (2048K)
 Metaspace       used 48299K, capacity 50412K, committed 50560K, reserved 1093632K
  class space    used 5875K, capacity 6744K, committed 6784K, reserved 1048576K
}
Event: 5400.415 GC heap after
{Heap after GC invocations=25 (full 3):
 garbage-first heap   total 68608K, used 25666K [0x0000000085800000, 0x0000000100000000)
  region size 1024K, 3 young (3072K), 3 survivors (3072K)
 Metaspace       used 48299K, capacity 50412K, committed 50560K, reserved 1093632K
  class space    used 5875K, capacity 6744K, committed 6784K, reserved 1048576K
}
Event: 6303.513 GC heap before
{Heap before GC invocations=25 (full 3):
 garbage-first heap   total 68608K, used 52290K [0x0000000085800000, 0x0000000100000000)
  region size 1024K, 29 young (29696K), 3 survivors (3072K)
 Metaspace       used 48374K, capacity 50476K, committed 50816K, reserved 1093632K
  class space    used 5875K, capacity 6744K, committed 6784K, reserved 1048576K
}
Event: 6303.526 GC heap after
{Heap after GC invocations=26 (full 3):
 garbage-first heap   total 68608K, used 25755K [0x0000000085800000, 0x0000000100000000)
  region size 1024K, 1 young (1024K), 1 survivors (1024K)
 Metaspace       used 48374K, capacity 50476K, committed 50816K, reserved 1093632K
  class space    used 5875K, capacity 6744K, committed 6784K, reserved 1048576K
}
Event: 7328.773 GC heap before
{Heap before GC invocations=26 (full 3):
 garbage-first heap   total 68608K, used 52379K [0x0000000085800000, 0x0000000100000000)
  region size 1024K, 27 young (27648K), 1 survivors (1024K)
 Metaspace       used 48375K, capacity 50476K, committed 50816K, reserved 1093632K
  class space    used 5875K, capacity 6744K, committed 6784K, reserved 1048576K
}
Event: 7328.778 GC heap after
{Heap after GC invocations=27 (full 3):
 garbage-first heap   total 68608K, used 25584K [0x0000000085800000, 0x0000000100000000)
  region size 1024K, 1 young (1024K), 1 survivors (1024K)
 Metaspace       used 48375K, capacity 50476K, committed 50816K, reserved 1093632K
  class space    used 5875K, capacity 6744K, committed 6784K, reserved 1048576K
}
Event: 8201.144 GC heap before
{Heap before GC invocations=27 (full 3):
 garbage-first heap   total 68608K, used 49136K [0x0000000085800000, 0x0000000100000000)
  region size 1024K, 25 young (25600K), 1 survivors (1024K)
 Metaspace       used 48378K, capacity 50482K, committed 50816K, reserved 1093632K
  class space    used 5875K, capacity 6746K, committed 6784K, reserved 1048576K
}
Event: 8201.509 GC heap after
{Heap after GC invocations=28 (full 4):
 garbage-first heap   total 65536K, used 16984K [0x0000000085800000, 0x0000000100000000)
  region size 1024K, 0 young (0K), 0 survivors (0K)
 Metaspace       used 47899K, capacity 49740K, committed 50816K, reserved 1093632K
  class space    used 5791K, capacity 6553K, committed 6784K, reserved 1048576K
}
Event: 8201.925 GC heap before
{Heap before GC invocations=28 (full 4):
 garbage-first heap   total 65536K, used 46680K [0x0000000085800000, 0x0000000100000000)
  region size 1024K, 30 young (30720K), 0 survivors (0K)
 Metaspace       used 47970K, capacity 49862K, committed 50816K, reserved 1093632K
  class space    used 5800K, capacity 6566K, committed 6784K, reserved 1048576K
}
Event: 8201.935 GC heap after
{Heap after GC invocations=29 (full 4):
 garbage-first heap   total 65536K, used 19365K [0x0000000085800000, 0x0000000100000000)
  region size 1024K, 3 young (3072K), 3 survivors (3072K)
 Metaspace       used 47970K, capacity 49862K, committed 50816K, reserved 1093632K
  class space    used 5800K, capacity 6566K, committed 6784K, reserved 1048576K
}

